<?xml version="1.0" encoding="UTF-8"?>
<!-- Generated by org.testng.reporters.JUnitXMLReporter -->
<testsuite hostname="DESKTOP-BNQ39BK" name="Default test" tests="4" failures="0" timestamp="20 May 2022 16:07:47 GMT" time="61.525" errors="0">
  <testcase name="testCase01" time="11.804" classname="com.shopping.testcases.OnlineShopping"/>
  <testcase name="testCase02" time="36.524" classname="com.shopping.testcases.OnlineShopping"/>
  <testcase name="testCase03" time="3.865" classname="com.shopping.testcases.OnlineShopping"/>
  <testcase name="testCase04" time="9.121" classname="com.shopping.testcases.OnlineShopping"/>
</testsuite> <!-- Default test -->
