<?xml version="1.0" encoding="UTF-8"?>
<!-- Generated by org.testng.reporters.JUnitXMLReporter -->
<testsuite hostname="DESKTOP-BNQ39BK" name="Test" tests="3" failures="0" timestamp="20 May 2022 10:29:38 GMT" time="2.764" errors="0">
  <testcase name="testCase01" time="0.92" classname="com.shopping.testcases.OnlineShopping"/>
  <testcase name="testCase02" time="1.063" classname="com.shopping.testcases.OnlineShopping"/>
  <testcase name="testCase03" time="0.68" classname="com.shopping.testcases.OnlineShopping"/>
</testsuite> <!-- Test -->
